/data/mgrossi/code_collection/tncdr/examples/load_circuits_and_run.py:55: DeprecationWarning: The "ibm_quantum" channel option is deprecated and will be sunset on 1 July. After this date, "ibm_cloud", "ibm_quantum_platform", and "local" will be the only valid channels. For information on migrating to the new IBM Quantum Platform, review the migration guide https://quantum.cloud.ibm.com/docs/migration-guides/classic-iqp-to-cloud-iqp .
  service = QiskitRuntimeService(instance=INSTANCE, channel="ibm_quantum")
/data/mgrossi/code_collection/envirompenv/tncdr/lib64/python3.12/site-packages/qiskit_ibm_runtime/qiskit_runtime_service.py:1111: UserWarning: IBM Quantum Platform is moving, and this version will be sunset on July 1. To get started on the new platform, read the migration guide at https://docs.quantum.ibm.com/migration-guides/classic-iqp-to-cloud-iqp
  warnings.warn(warning_message)
/data/mgrossi/code_collection/envirompenv/tncdr/lib64/python3.12/site-packages/qiskit_ibm_runtime/utils/json.py:385: UserWarning: Callable <IBMBackend('ibm_kingston')> is not JSON serializable and will be set to None.
  warnings.warn(f"Callable {obj} is not JSON serializable and will be set to None.")
the selected BACKEND is:  ibm_kingston
observables:  [SparsePauliOp(['IIIXIII'],
              coeffs=[1.+0.j]), SparsePauliOp(['IIIXIII'],
              coeffs=[1.+0.j]), SparsePauliOp(['IIIXIII'],
              coeffs=[1.+0.j]), SparsePauliOp(['IIIXIII'],
              coeffs=[1.+0.j]), SparsePauliOp(['IIIXIII'],
              coeffs=[1.+0.j]), SparsePauliOp(['IIIXIII'],
              coeffs=[1.+0.j]), SparsePauliOp(['IIIXIII'],
              coeffs=[1.+0.j]), SparsePauliOp(['IIIXIII'],
              coeffs=[1.+0.j]), SparsePauliOp(['IIIXIII'],
              coeffs=[1.+0.j]), SparsePauliOp(['IIIXIII'],
              coeffs=[1.+0.j])]
TNCDR JOB ID :  d1dyty3v3z50008apjs0
TNCDR time:  35.23511004447937
TEM time:  5.788078308105469
Traceback (most recent call last):
  File "/data/mgrossi/code_collection/tncdr/examples/load_circuits_and_run.py", line 145, in <module>
    result_tem = job_tem.result()
                 ^^^^^^^^^^^^^^^^
  File "/data/mgrossi/code_collection/envirompenv/tncdr/lib64/python3.12/site-packages/qiskit_serverless/core/job.py", line 218, in result
    raise QiskitServerlessException(results)
qiskit_serverless.exception.QiskitServerlessException: {"error_message": "Traceback (most recent call last):\n  File \"tem_qiskit_function/runner.py\", line 146, in tem_qiskit_function.runner.Runner.run\n  File \"tem_qiskit_function/validation.py\", line 276, in tem_qiskit_function.validation.TEMInputs.__init__\nKeyError: 'instance'\n"}
